<?xml version="1.0" encoding="UTF-8"?>
<robot generator="Robot 6.1 (Python 3.9.6 on darwin)" generated="20230619 08:42:20.568" rpa="false" schemaversion="4">
<suite id="s1" name="Test" source="/Users/marina/satur_demo/RobotFramework/test.robot">
<kw name="Create Session" type="SETUP">
<arg>Invia</arg>
<arg>${HOST}</arg>
<arg>disable_warnings=1</arg>
<msg timestamp="20230619 08:42:20.613" level="FAIL">No keyword with name 'Create Session' found.</msg>
<status status="FAIL" starttime="20230619 08:42:20.613" endtime="20230619 08:42:20.613"/>
</kw>
<test id="s1-t1" name="Get info" line="65">
<status status="FAIL" starttime="20230619 08:42:20.613" endtime="20230619 08:42:20.614">Parent suite setup failed:
No keyword with name 'Create Session' found.</status>
</test>
<status status="FAIL" starttime="20230619 08:42:20.569" endtime="20230619 08:42:20.615">Suite setup failed:
No keyword with name 'Create Session' found.</status>
</suite>
<statistics>
<total>
<stat pass="0" fail="1" skip="0">All Tests</stat>
</total>
<tag>
</tag>
<suite>
<stat pass="0" fail="1" skip="0" id="s1" name="Test">Test</stat>
</suite>
</statistics>
<errors>
<msg timestamp="20230619 08:42:20.597" level="ERROR">Error in file '/Users/marina/satur_demo/RobotFramework/test.robot' on line 2: Importing library 'RequestsLibrary' failed: ModuleNotFoundError: No module named 'RequestsLibrary'
Traceback (most recent call last):
  None
PYTHONPATH:
  /Users/marina/Library/Python/3.9/bin
  /Library/Developer/CommandLineTools/Library/Frameworks/Python3.framework/Versions/3.9/lib/python39.zip
  /Library/Developer/CommandLineTools/Library/Frameworks/Python3.framework/Versions/3.9/lib/python3.9
  /Library/Developer/CommandLineTools/Library/Frameworks/Python3.framework/Versions/3.9/lib/python3.9/lib-dynload
  /Users/marina/Library/Python/3.9/lib/python/site-packages
  /Library/Developer/CommandLineTools/Library/Frameworks/Python3.framework/Versions/3.9/lib/python3.9/site-packages</msg>
<msg timestamp="20230619 08:42:20.598" level="ERROR">Error in file '/Users/marina/satur_demo/RobotFramework/test.robot' on line 3: Importing library 'ExcelRobot' failed: ModuleNotFoundError: No module named 'ExcelRobot'
Traceback (most recent call last):
  None
PYTHONPATH:
  /Users/marina/Library/Python/3.9/bin
  /Library/Developer/CommandLineTools/Library/Frameworks/Python3.framework/Versions/3.9/lib/python39.zip
  /Library/Developer/CommandLineTools/Library/Frameworks/Python3.framework/Versions/3.9/lib/python3.9
  /Library/Developer/CommandLineTools/Library/Frameworks/Python3.framework/Versions/3.9/lib/python3.9/lib-dynload
  /Users/marina/Library/Python/3.9/lib/python/site-packages
  /Library/Developer/CommandLineTools/Library/Frameworks/Python3.framework/Versions/3.9/lib/python3.9/site-packages</msg>
<msg timestamp="20230619 08:42:20.600" level="ERROR">Error in file '/Users/marina/satur_demo/RobotFramework/test.robot' on line 4: Importing library 'JSONLibrary' failed: ModuleNotFoundError: No module named 'JSONLibrary'
Traceback (most recent call last):
  None
PYTHONPATH:
  /Users/marina/Library/Python/3.9/bin
  /Library/Developer/CommandLineTools/Library/Frameworks/Python3.framework/Versions/3.9/lib/python39.zip
  /Library/Developer/CommandLineTools/Library/Frameworks/Python3.framework/Versions/3.9/lib/python3.9
  /Library/Developer/CommandLineTools/Library/Frameworks/Python3.framework/Versions/3.9/lib/python3.9/lib-dynload
  /Users/marina/Library/Python/3.9/lib/python/site-packages
  /Library/Developer/CommandLineTools/Library/Frameworks/Python3.framework/Versions/3.9/lib/python3.9/site-packages</msg>
</errors>
</robot>
